<?xml version="1.0" encoding="UTF-8"?>
<!-- Generated by org.testng.reporters.JUnitReportReporter -->
<testsuite hostname="DESKTOP-FMU320Q" failures="0" tests="1" name="Sodexo.SodexoIndia.EditwhenInvoicehaveRejectedStatus" time="76.040" errors="0" timestamp="2022-06-29T10:38:05 IST" skipped="0">
  <testcase classname="Sodexo.SodexoIndia.EditwhenInvoicehaveRejectedStatus" name="EditfunctionalityonRejectedcase" time="76.040"/>
  <system-out>
    <![CDATA[Edit the Invoice details when Invoice have rejected status]]>
  </system-out>
</testsuite> <!-- Sodexo.SodexoIndia.EditwhenInvoicehaveRejectedStatus -->
