<?xml version="1.0" encoding="UTF-8"?>
<!-- Generated by org.testng.reporters.JUnitReportReporter -->
<testsuite hostname="DESKTOP-FMU320Q" failures="0" tests="2" name="Sodexo.SodexoIndia.RejecttheInvoicewithReason" time="79.525" errors="0" timestamp="2022-05-20T10:13:39 IST" skipped="0">
  <testcase classname="Sodexo.SodexoIndia.RejecttheInvoicewithReason" name="RejecttheInvoicewithReasonlisted" time="41.425"/>
  <system-out>
    <![CDATA[Reject the Invoice with predefined reasons listed in the dropdown]]>
  </system-out>
  <testcase classname="Sodexo.SodexoIndia.RejecttheInvoicewithReason" name="RejecttheInvoicewithManualReason" time="38.100"/>
  <system-out>
    <![CDATA[Reject the Invoice with Manual customize reason]]>
  </system-out>
</testsuite> <!-- Sodexo.SodexoIndia.RejecttheInvoicewithReason -->
