<?xml version="1.0" encoding="UTF-8"?>
<!-- Generated by org.testng.reporters.JUnitReportReporter -->
<testsuite hostname="DESKTOP-FMU320Q" failures="0" tests="5" name="Sodexo.SodexoIndia.FiledownloadfromAllStatus" time="97.912" errors="0" timestamp="2022-05-20T09:43:36 IST" skipped="0">
  <testcase classname="Sodexo.SodexoIndia.FiledownloadfromAllStatus" name="filedownloadfromProcessed" time="16.627"/>
  <system-out>
    <![CDATA[Verify the pdf format download option open in next tab for Processed status]]>
  </system-out>
  <testcase classname="Sodexo.SodexoIndia.FiledownloadfromAllStatus" name="filedownloadfromExceptionApproved" time="14.658"/>
  <system-out>
    <![CDATA[Verify the pdf format download option open in next tab for Exception Approved status]]>
  </system-out>
  <testcase classname="Sodexo.SodexoIndia.FiledownloadfromAllStatus" name="filedownloadfromUnderProcess" time="25.463"/>
  <system-out>
    <![CDATA[Verify the pdf format download option open in next tab for Under Process status]]>
  </system-out>
  <testcase classname="Sodexo.SodexoIndia.FiledownloadfromAllStatus" name="filedownloadfromRejected" time="20.911"/>
  <system-out>
    <![CDATA[Verify the pdf format download option open in next tab for Rejected status]]>
  </system-out>
  <testcase classname="Sodexo.SodexoIndia.FiledownloadfromAllStatus" name="filedownloadfromExceptionAlert" time="20.253"/>
  <system-out>
    <![CDATA[Verify the pdf format download option open in next tab for Exception Alert status]]>
  </system-out>
</testsuite> <!-- Sodexo.SodexoIndia.FiledownloadfromAllStatus -->
