<?xml version="1.0" encoding="UTF-8"?>
<!-- Generated by org.testng.reporters.JUnitReportReporter -->
<testsuite hostname="DESKTOP-FMU320Q" failures="0" tests="1" name="Sodexo.SodexoIndia.VerifytheExceptionChecks" time="32.500" errors="0" timestamp="2022-03-10T12:34:36 IST" skipped="0">
  <testcase classname="Sodexo.SodexoIndia.VerifytheExceptionChecks" name="verifythechecks" time="32.500"/>
  <system-out>
    <![CDATA[Verify the exception checks with the help of some invoices]]>
  </system-out>
</testsuite> <!-- Sodexo.SodexoIndia.VerifytheExceptionChecks -->
