<?xml version="1.0" encoding="UTF-8"?>
<!-- Generated by org.testng.reporters.JUnitReportReporter -->
<testsuite hostname="DESKTOP-FMU320Q" failures="0" tests="2" name="Sodexo.SodexoIndia.ExceptionNRejectReasoninViewResults" time="49.525" errors="0" timestamp="2022-05-20T09:43:36 IST" skipped="0">
  <testcase classname="Sodexo.SodexoIndia.ExceptionNRejectReasoninViewResults" name="ExceptionReasoninViewResults" time="24.766"/>
  <system-out/>
  <testcase classname="Sodexo.SodexoIndia.ExceptionNRejectReasoninViewResults" name="RejectionReasoninViewResults" time="24.759"/>
  <system-out/>
</testsuite> <!-- Sodexo.SodexoIndia.ExceptionNRejectReasoninViewResults -->
