<?xml version="1.0" encoding="UTF-8"?>
<!-- Generated by org.testng.reporters.JUnitReportReporter -->
<testsuite hostname="DESKTOP-FMU320Q" failures="0" tests="1" name="Sodexo.SodexoIndia.ApprovetheInvoicehavingExceptionAlert" time="29.098" errors="0" timestamp="2022-05-20T09:43:36 IST" skipped="0">
  <testcase classname="Sodexo.SodexoIndia.ApprovetheInvoicehavingExceptionAlert" name="approveinvoice" time="29.098"/>
  <system-out>
    <![CDATA[Approve the Invoice on CAI India]]>
  </system-out>
</testsuite> <!-- Sodexo.SodexoIndia.ApprovetheInvoicehavingExceptionAlert -->
