<?xml version="1.0" encoding="UTF-8"?>
<!-- Generated by org.testng.reporters.JUnitReportReporter -->
<testsuite hostname="DESKTOP-FMU320Q" failures="0" tests="1" name="Sodexo.SodexoIndia.CSVDownloadfromListView" time="30.123" errors="0" timestamp="2022-05-20T09:43:36 IST" skipped="0">
  <testcase classname="Sodexo.SodexoIndia.CSVDownloadfromListView" name="ListViewCsvDownload" time="30.123"/>
  <system-out>
    <![CDATA[CSV File download from List View under View Results on India]]>
  </system-out>
</testsuite> <!-- Sodexo.SodexoIndia.CSVDownloadfromListView -->
