<?xml version="1.0" encoding="UTF-8"?>
<!-- Generated by org.testng.reporters.JUnitReportReporter -->
<testsuite hostname="DESKTOP-FMU320Q" failures="0" tests="1" name="Sodexo.SodexoIndia.CSVDownloadfromAccountingSystem" time="36.552" errors="0" timestamp="2022-05-20T09:43:36 IST" skipped="0">
  <testcase classname="Sodexo.SodexoIndia.CSVDownloadfromAccountingSystem" name="CSVfiledownload" time="36.552"/>
  <system-out>
    <![CDATA[CSV File download from Accounting System on For Sodexo India]]>
  </system-out>
</testsuite> <!-- Sodexo.SodexoIndia.CSVDownloadfromAccountingSystem -->
