<?xml version="1.0" encoding="UTF-8"?>
<!-- Generated by org.testng.reporters.JUnitReportReporter -->
<testsuite hostname="DESKTOP-FMU320Q" failures="0" tests="1" name="Sodexo.SodexoIndia.EditWhenInvoicehaveExceptionAlert" time="51.082" errors="0" timestamp="2022-06-24T09:54:02 IST" skipped="0">
  <testcase classname="Sodexo.SodexoIndia.EditWhenInvoicehaveExceptionAlert" name="EditfunctionalityonExceptionAlertcase" time="51.082"/>
  <system-out>
    <![CDATA[Edit the Invoice details when Invoice have Exceptions Alert]]>
  </system-out>
</testsuite> <!-- Sodexo.SodexoIndia.EditWhenInvoicehaveExceptionAlert -->
