<?xml version="1.0" encoding="UTF-8"?>
<!-- Generated by org.testng.reporters.JUnitReportReporter -->
<testsuite hostname="DESKTOP-FMU320Q" failures="0" tests="1" name="Sodexo.SodexoIndia.UploadSodexoDocument" time="47.989" errors="0" timestamp="2022-05-20T09:43:36 IST" skipped="0">
  <testcase classname="Sodexo.SodexoIndia.UploadSodexoDocument" name="uploaddocument" time="47.989"/>
  <system-out>
    <![CDATA[Verify the document uploaded via api]]>
  </system-out>
</testsuite> <!-- Sodexo.SodexoIndia.UploadSodexoDocument -->
